05-JUL-24 21:00:46.830: Starting "EXAMPLE"."EXPORT_SCHEMA_JOB":  
05-JUL-24 21:00:49.707: Processing object type SCHEMA_EXPORT/TABLE/TABLE_DATA
05-JUL-24 21:00:49.871: Processing object type SCHEMA_EXPORT/PACKAGE/PACKAGE_BODY
05-JUL-24 21:00:50.268: Processing object type SCHEMA_EXPORT/PRE_SCHEMA/PROCACT_SCHEMA
05-JUL-24 21:00:50.747: Processing object type SCHEMA_EXPORT/SEQUENCE/SEQUENCE
05-JUL-24 21:00:52.105: Processing object type SCHEMA_EXPORT/TABLE/TABLE
05-JUL-24 21:01:01.322: Processing object type SCHEMA_EXPORT/TABLE/COMMENT
05-JUL-24 21:01:01.503: Processing object type SCHEMA_EXPORT/TABLE/IDENTITY_COLUMN
05-JUL-24 21:01:01.756: Processing object type SCHEMA_EXPORT/PACKAGE/PACKAGE_SPEC
05-JUL-24 21:01:02.056: Processing object type SCHEMA_EXPORT/PACKAGE/COMPILE_PACKAGE/PACKAGE_SPEC/ALTER_PACKAGE_SPEC
05-JUL-24 21:01:03.848: Processing object type SCHEMA_EXPORT/VIEW/VIEW
05-JUL-24 21:01:04.386: Processing object type SCHEMA_EXPORT/TABLE/INDEX/INDEX
05-JUL-24 21:01:05.103: Processing object type SCHEMA_EXPORT/TABLE/CONSTRAINT/CONSTRAINT
05-JUL-24 21:01:05.519: Processing object type SCHEMA_EXPORT/TABLE/CONSTRAINT/REF_CONSTRAINT
05-JUL-24 21:01:05.920: Processing object type SCHEMA_EXPORT/POST_SCHEMA/PROCACT_SCHEMA
05-JUL-24 21:01:06.224: . . exported "EXAMPLE"."ASSET"                           473.0 KB   21496 rows
05-JUL-24 21:01:06.411: . . exported "EXAMPLE"."PERFORMANCE"                     262.9 KB    9393 rows
05-JUL-24 21:01:06.609: . . exported "EXAMPLE"."SERVERTIMING"                    250.6 KB   28635 rows
05-JUL-24 21:01:06.613: . . exported "EXAMPLE"."DBTOOLS$EXECUTION_HISTORY"           0 KB       0 rows
05-JUL-24 21:01:06.872: . . exported "EXAMPLE"."ARTICLE"                         422.0 KB     615 rows
05-JUL-24 21:01:07.004: . . exported "EXAMPLE"."USER_LOGIN"                      82.69 KB    5542 rows
05-JUL-24 21:01:07.139: . . exported "EXAMPLE"."PAGE_HIT"                        53.85 KB    1601 rows
05-JUL-24 21:01:07.273: . . exported "EXAMPLE"."USAGE"                           66.15 KB    2068 rows
05-JUL-24 21:01:07.382: . . exported "EXAMPLE"."GOOGLE_FONT"                     95.45 KB    1690 rows
05-JUL-24 21:01:08.067: . . exported "EXAMPLE"."SESSION_DATA"                    41.29 KB    1798 rows
05-JUL-24 21:01:08.184: . . exported "EXAMPLE"."WEBSITE_ARTICLE_CWV"             14.40 KB     315 rows
05-JUL-24 21:01:08.285: . . exported "EXAMPLE"."LOG"                             11.21 KB     253 rows
05-JUL-24 21:01:08.390: . . exported "EXAMPLE"."METRICS"                         13.60 KB     310 rows
05-JUL-24 21:01:08.845: . . exported "EXAMPLE"."WEBSITE"                         8.898 KB      13 rows
05-JUL-24 21:01:08.958: . . exported "EXAMPLE"."USERS"                           7.226 KB      20 rows
05-JUL-24 21:01:09.059: . . exported "EXAMPLE"."IP_LOOKUP"                       9.890 KB     335 rows
05-JUL-24 21:01:09.479: . . exported "EXAMPLE"."WEBSITE_DEPLOY"                  7.031 KB      90 rows
05-JUL-24 21:01:09.888: . . exported "EXAMPLE"."WEBSITE_ARTICLE"                 6.898 KB      31 rows
05-JUL-24 21:01:09.996: . . exported "EXAMPLE"."BROWSER_LOOKUP"                  5.570 KB      34 rows
05-JUL-24 21:01:10.095: . . exported "EXAMPLE"."NETLIFY_SITE"                    5.914 KB      18 rows
05-JUL-24 21:01:10.200: . . exported "EXAMPLE"."NETLIFY_DNS_ZONE"                5.062 KB       7 rows
05-JUL-24 21:01:10.307: . . exported "EXAMPLE"."NETLIFY_DNS_ZONE_SERVER"         4.789 KB      28 rows
05-JUL-24 21:01:10.311: . . exported "EXAMPLE"."BLOB2FILE"                           0 KB       0 rows
05-JUL-24 21:01:10.886: Master table "EXAMPLE"."EXPORT_SCHEMA_JOB" successfully loaded/unloaded
05-JUL-24 21:01:10.890: ******************************************************************************
05-JUL-24 21:01:10.890: Dump file set for EXAMPLE.EXPORT_SCHEMA_JOB is:
05-JUL-24 21:01:10.893:   /u03/dbfs/BDE1649F626EB000E0532E14000A3C29/data/dpdump/EXAMPLE.dmp
05-JUL-24 21:01:10.897: Job "EXAMPLE"."EXPORT_SCHEMA_JOB" successfully completed at Fri Jul 5 21:01:10 2024 elapsed 0 00:00:27
