20-MAY-23 20:00:20.097: Starting "EXAMPLE"."EXPORT_SCHEMA_JOB":  
20-MAY-23 20:00:24.849: Processing object type SCHEMA_EXPORT/PACKAGE/PACKAGE_BODY
20-MAY-23 20:00:25.969: Processing object type SCHEMA_EXPORT/PRE_SCHEMA/PROCACT_SCHEMA
20-MAY-23 20:00:28.568: Processing object type SCHEMA_EXPORT/TYPE/TYPE_SPEC
20-MAY-23 20:00:28.962: Processing object type SCHEMA_EXPORT/SEQUENCE/SEQUENCE
20-MAY-23 20:00:33.267: Processing object type SCHEMA_EXPORT/TABLE/TABLE
20-MAY-23 20:00:46.525: Processing object type SCHEMA_EXPORT/TABLE/COMMENT
20-MAY-23 20:00:46.670: Processing object type SCHEMA_EXPORT/TABLE/IDENTITY_COLUMN
20-MAY-23 20:00:47.382: Processing object type SCHEMA_EXPORT/PACKAGE/PACKAGE_SPEC
20-MAY-23 20:00:47.617: Processing object type SCHEMA_EXPORT/FUNCTION/FUNCTION
20-MAY-23 20:00:48.286: Processing object type SCHEMA_EXPORT/PACKAGE/COMPILE_PACKAGE/PACKAGE_SPEC/ALTER_PACKAGE_SPEC
20-MAY-23 20:00:48.431: Processing object type SCHEMA_EXPORT/FUNCTION/ALTER_FUNCTION
20-MAY-23 20:00:49.509: Processing object type SCHEMA_EXPORT/TABLE/INDEX/INDEX
20-MAY-23 20:00:51.021: Processing object type SCHEMA_EXPORT/TABLE/CONSTRAINT/CONSTRAINT
20-MAY-23 20:00:51.691: Processing object type SCHEMA_EXPORT/TABLE/CONSTRAINT/REF_CONSTRAINT
20-MAY-23 20:00:53.320: Processing object type SCHEMA_EXPORT/POST_SCHEMA/PROCACT_SCHEMA
20-MAY-23 20:00:55.056: Master table "EXAMPLE"."EXPORT_SCHEMA_JOB" successfully loaded/unloaded
20-MAY-23 20:00:55.061: ******************************************************************************
20-MAY-23 20:00:55.061: Dump file set for EXAMPLE.EXPORT_SCHEMA_JOB is:
20-MAY-23 20:00:55.065:   /u03/dbfs/BDE1649F626EB000E0532E14000A3C29/data/dpdump/EXAMPLE.METADATA.dmp
20-MAY-23 20:00:55.075: Job "EXAMPLE"."EXPORT_SCHEMA_JOB" successfully completed at Sat May 20 20:00:55 2023 elapsed 0 00:00:40
